<?xml version="1.0" encoding="UTF-8"?>
<!-- Generated by org.testng.reporters.JUnitReportReporter -->
<testsuite hostname="Vinay-Adapa" failures="0" tests="3" name="NaukriTestcases.NaukriTestcases" time="37.703" errors="0" timestamp="2023-11-25T21:13:30 IST" skipped="0">
  <testcase classname="NaukriTestcases.NaukriTestcases" name="user_Updates" time="16.173"/>
  <system-out/>
  <testcase classname="NaukriTestcases.NaukriTestcases" name="user_Updates" time="17.314"/>
  <system-out/>
  <testcase classname="NaukriTestcases.NaukriTestcases" name="LaunchUrl" time="4.216"/>
  <system-out/>
</testsuite> <!-- NaukriTestcases.NaukriTestcases -->
