<?xml version="1.0" encoding="UTF-8"?>
<!-- Generated by org.testng.reporters.JUnitReportReporter -->
<testsuite hostname="Vinay-Adapa" failures="0" tests="3" name="NaukriTestcases.NaukriTestcases" time="13.740" errors="0" timestamp="2023-11-12T16:25:27 IST" skipped="0">
  <testcase classname="NaukriTestcases.NaukriTestcases" name="LaunchUrl" time="3.085"/>
  <system-out/>
  <testcase classname="NaukriTestcases.NaukriTestcases" name="user_Login" time="6.317"/>
  <system-out/>
  <testcase classname="NaukriTestcases.NaukriTestcases" name="user_Login" time="4.338"/>
  <system-out/>
</testsuite> <!-- NaukriTestcases.NaukriTestcases -->
