<?xml version="1.0" encoding="UTF-8"?>
<!-- Generated by org.testng.reporters.JUnitReportReporter -->
<testsuite hostname="Vinay-Adapa" failures="0" tests="3" name="NaukriTestcases.NaukriTestcases" time="76.770" errors="0" timestamp="2023-11-27T21:47:44 IST" skipped="0">
  <testcase classname="NaukriTestcases.NaukriTestcases" name="user_Updates" time="40.007"/>
  <system-out/>
  <testcase classname="NaukriTestcases.NaukriTestcases" name="user_Updates" time="28.494"/>
  <system-out/>
  <testcase classname="NaukriTestcases.NaukriTestcases" name="LaunchUrl" time="8.269"/>
  <system-out/>
</testsuite> <!-- NaukriTestcases.NaukriTestcases -->
