<?xml version="1.0" encoding="UTF-8"?>
<!-- Generated by org.testng.reporters.JUnitReportReporter -->
<testsuite hostname="Vinay-Adapa" failures="0" tests="3" name="NaukriTestcases.NaukriTestcases" time="37.614" errors="0" timestamp="2023-11-22T20:56:40 IST" skipped="0">
  <testcase classname="NaukriTestcases.NaukriTestcases" name="user_Login" time="17.664"/>
  <system-out/>
  <testcase classname="NaukriTestcases.NaukriTestcases" name="user_Login" time="15.922"/>
  <system-out/>
  <testcase classname="NaukriTestcases.NaukriTestcases" name="LaunchUrl" time="4.028"/>
  <system-out/>
</testsuite> <!-- NaukriTestcases.NaukriTestcases -->
