<?xml version="1.0" encoding="UTF-8"?>
<!-- Generated by org.testng.reporters.JUnitReportReporter -->
<testsuite hostname="Vinay-Adapa" failures="0" tests="1" name="NaukriTestcases.Testcases" time="8.652" errors="0" timestamp="2023-11-08T18:27:55 IST" skipped="0">
  <testcase classname="NaukriTestcases.Testcases" name="user_Login" time="8.652"/>
  <system-out/>
</testsuite> <!-- NaukriTestcases.Testcases -->
