<?xml version="1.0" encoding="UTF-8"?>
<!-- Generated by org.testng.reporters.JUnitReportReporter -->
<testsuite hostname="Vinay-Adapa" failures="0" tests="3" name="NaukriTestcases.NaukriTestcases" time="39.213" errors="0" timestamp="2023-11-24T10:22:30 IST" skipped="0">
  <testcase classname="NaukriTestcases.NaukriTestcases" name="user_Updates" time="19.517"/>
  <system-out/>
  <testcase classname="NaukriTestcases.NaukriTestcases" name="user_Updates" time="15.751"/>
  <system-out/>
  <testcase classname="NaukriTestcases.NaukriTestcases" name="LaunchUrl" time="3.945"/>
  <system-out/>
</testsuite> <!-- NaukriTestcases.NaukriTestcases -->
