<?xml version="1.0" encoding="UTF-8"?>
<!-- Generated by org.testng.reporters.JUnitReportReporter -->
<testsuite hostname="Vinay-Adapa" failures="0" tests="2" name="NaukriTestcases.NaukriTestcases" time="6.084" errors="0" timestamp="2023-11-11T22:05:58 IST" skipped="0">
  <testcase classname="NaukriTestcases.NaukriTestcases" name="user_Login" time="3.969"/>
  <system-out/>
  <testcase classname="NaukriTestcases.NaukriTestcases" name="LaunchUrl" time="2.115"/>
  <system-out/>
</testsuite> <!-- NaukriTestcases.NaukriTestcases -->
