<?xml version="1.0" encoding="UTF-8"?>
<!-- Generated by org.testng.reporters.JUnitReportReporter -->
<testsuite hostname="Vinay-Adapa" failures="0" tests="3" name="NaukriTestcases.NaukriTestcases" time="46.420" errors="0" timestamp="2023-11-23T09:36:44 IST" skipped="0">
  <testcase classname="NaukriTestcases.NaukriTestcases" name="user_Login" time="19.692"/>
  <system-out/>
  <testcase classname="NaukriTestcases.NaukriTestcases" name="user_Login" time="22.299"/>
  <system-out/>
  <testcase classname="NaukriTestcases.NaukriTestcases" name="LaunchUrl" time="4.429"/>
  <system-out/>
</testsuite> <!-- NaukriTestcases.NaukriTestcases -->
