<?xml version="1.0" encoding="UTF-8"?>
<!-- Generated by org.testng.reporters.JUnitReportReporter -->
<testsuite hostname="Vinay-Adapa" failures="0" tests="3" name="NaukriTestcases.NaukriTestcases" time="39.061" errors="0" timestamp="2023-11-25T13:35:15 IST" skipped="0">
  <testcase classname="NaukriTestcases.NaukriTestcases" name="user_Updates" time="18.782"/>
  <testcase classname="NaukriTestcases.NaukriTestcases" name="user_Updates" time="16.584"/>
  <testcase classname="NaukriTestcases.NaukriTestcases" name="LaunchUrl" time="3.695"/>
</testsuite> <!-- NaukriTestcases.NaukriTestcases -->
