<?xml version="1.0" encoding="UTF-8"?>
<!-- Generated by org.testng.reporters.JUnitReportReporter -->
<testsuite hostname="Vinay-Adapa" failures="0" tests="3" name="NaukriTestcases.NaukriTestcases" time="37.071" errors="0" timestamp="2023-11-21T17:24:07 IST" skipped="0">
  <testcase classname="NaukriTestcases.NaukriTestcases" name="user_Login" time="16.615"/>
  <system-out/>
  <testcase classname="NaukriTestcases.NaukriTestcases" name="user_Login" time="17.101"/>
  <system-out/>
  <testcase classname="NaukriTestcases.NaukriTestcases" name="LaunchUrl" time="3.355"/>
  <system-out/>
</testsuite> <!-- NaukriTestcases.NaukriTestcases -->
