<?xml version="1.0" encoding="UTF-8"?>
<!-- Generated by org.testng.reporters.JUnitReportReporter -->
<testsuite hostname="Vinay-Adapa" failures="0" tests="3" name="NaukriTestcases.NaukriTestcases" time="118.172" errors="0" timestamp="2023-12-11T21:58:57 IST" skipped="0">
  <testcase classname="NaukriTestcases.NaukriTestcases" name="user_Updates" time="32.875"/>
  <testcase classname="NaukriTestcases.NaukriTestcases" name="user_Updates" time="78.421"/>
  <testcase classname="NaukriTestcases.NaukriTestcases" name="LaunchUrl" time="6.876"/>
</testsuite> <!-- NaukriTestcases.NaukriTestcases -->
